<?xml version="1.0" encoding="UTF-8"?>
<!-- Generated by org.testng.reporters.JUnitReportReporter -->
<testsuite skipped="0" hostname="MTY-MNN86WHK82F" name="Test.FormTests" tests="1" failures="0" timestamp="2022-11-18T09:48:39 CST" time="0.332" errors="0">
  <testcase name="submitForm" time="0.332" classname="Test.FormTests"/>
  <system-out/>
</testsuite> <!-- Test.FormTests -->
